{"Y:\\ulbitv-course-project\\src\\shared\\lib\\classNames\\classNames.ts": {"path":"Y:\\ulbitv-course-project\\src\\shared\\lib\\classNames\\classNames.ts","statementMap":{"0":{"start":{"line":4,"column":2},"end":{"line":10,"column":14}},"1":{"start":{"line":8,"column":36},"end":{"line":8,"column":48}},"2":{"start":{"line":9,"column":33},"end":{"line":9,"column":42}}},"fnMap":{"0":{"name":"classNames","decl":{"start":{"line":3,"column":16},"end":{"line":3,"column":26}},"loc":{"start":{"line":3,"column":91},"end":{"line":11,"column":1}},"line":3},"1":{"name":"(anonymous_1)","decl":{"start":{"line":8,"column":14},"end":{"line":8,"column":15}},"loc":{"start":{"line":8,"column":36},"end":{"line":8,"column":48}},"line":8},"2":{"name":"(anonymous_2)","decl":{"start":{"line":9,"column":11},"end":{"line":9,"column":12}},"loc":{"start":{"line":9,"column":33},"end":{"line":9,"column":42}},"line":9}},"branchMap":{"0":{"loc":{"start":{"line":3,"column":40},"end":{"line":3,"column":54}},"type":"default-arg","locations":[{"start":{"line":3,"column":52},"end":{"line":3,"column":54}}],"line":3},"1":{"loc":{"start":{"line":3,"column":56},"end":{"line":3,"column":81}},"type":"default-arg","locations":[{"start":{"line":3,"column":79},"end":{"line":3,"column":81}}],"line":3}},"s":{"0":5,"1":6,"2":4},"f":{"0":5,"1":6,"2":4},"b":{"0":[1],"1":[1]},"_coverageSchema":"1a1c01bbd47fc00a2c39e90264f33305004495a9","hash":"df30f714d89bae6571991b5a6b298b90dbc438e2"}
}
